{"name": "[Negative] Verify user can't login when password is empty", "status": "failed", "statusDetails": {"message": "AssertionError: Error message missing!\nassert 'Epic sadface... this service' == 'Epic sadface...d is required'\n  \n  - Epic sadface: Password is required\n  + Epic sadface: Username and password do not match any user in this service", "trace": "set_up = <selenium.webdriver.chrome.webdriver.WebDriver (session=\"ce8aaa2ebd7513b21c90f824daedd63c\")>\n\n    @step(\"user try login with no password\")\n    @story(\"User will failed login to website if credentials are incorrect\")\n    @title(\"[Negative] Verify user can't login when password is empty\")\n    def test_login_no_password(set_up):\n        driver = set_up\n        login_page = Login_page(driver)\n    \n        # Perform login with incorrect credentials\n        login_page.login_as(\"standard_user\", \"\")\n    \n        # Assert if the error alert is displayed\n        login_page.get_wait(login_page.login_error_alert, 5).is_displayed()\n    \n>       assert login_page.get_text(login_page.login_error_msg)=='Epic sadface: Password is required', \"Error message missing!\"\nE       AssertionError: Error message missing!\nE       assert 'Epic sadface... this service' == 'Epic sadface...d is required'\nE         \nE         - Epic sadface: Password is required\nE         + Epic sadface: Username and password do not match any user in this service\n\ntests\\test_login.py:83: AssertionError"}, "steps": [{"name": "user try login with no password", "status": "failed", "statusDetails": {"message": "AssertionError: Error message missing!\nassert 'Epic sadface... this service' == 'Epic sadface...d is required'\n  \n  - Epic sadface: Password is required\n  + Epic sadface: Username and password do not match any user in this service\n", "trace": "  File \"C:\\Users\\tan\\AppData\\Local\\pypoetry\\Cache\\virtualenvs\\test-package-xh99BTJe-py3.12\\Lib\\site-packages\\allure_commons\\_allure.py\", line 192, in impl\n    return func(*a, **kw)\n           ^^^^^^^^^^^^^^\n  File \"C:\\QA-practice\\Saucelabs\\python\\tests\\test_login.py\", line 83, in test_login_no_password\n    assert login_page.get_text(login_page.login_error_msg)=='Epic sadface: Password is required', \"Error message missing!\"\n"}, "steps": [{"name": "Login as 'standard_user' with password ''''", "status": "passed", "steps": [{"name": "Insert username as 'standard_user'", "status": "passed", "parameters": [{"name": "username", "value": "'standard_user'"}], "start": 1740990641524, "stop": 1740990641901}, {"name": "Insert password to be ''", "status": "passed", "parameters": [{"name": "password", "value": "''"}], "start": 1740990641901, "stop": 1740990642191}, {"name": "Clicking button", "status": "passed", "parameters": [{"name": "identifier", "value": "('id', 'login-button')"}], "start": 1740990642191, "stop": 1740990642763}], "parameters": [{"name": "username", "value": "'standard_user'"}, {"name": "password", "value": "''"}], "start": 1740990641524, "stop": 1740990642763}], "parameters": [{"name": "set_up", "value": "<selenium.webdriver.chrome.webdriver.WebDriver (session=\"ce8aaa2ebd7513b21c90f824daedd63c\")>"}], "start": 1740990641524, "stop": 1740990642789}], "start": 1740990641524, "stop": 1740990642791, "uuid": "62dfc951-f82c-4eed-8e7d-7ae2b75f45dc", "historyId": "2f76985d57e595bd37618e73d29a5974", "testCaseId": "2f76985d57e595bd37618e73d29a5974", "fullName": "tests.test_login#test_login_no_password", "labels": [{"name": "feature", "value": "Login"}, {"name": "severity", "value": "blocker"}, {"name": "suite", "value": "Validate Login Functionality"}, {"name": "story", "value": "User will failed login to website if credentials are incorrect"}, {"name": "parentSuite", "value": "tests"}, {"name": "host", "value": "LOQ15"}, {"name": "thread", "value": "17732-MainThread"}, {"name": "framework", "value": "pytest"}, {"name": "language", "value": "cpython3"}, {"name": "package", "value": "tests.test_login"}]}