{"name": "[Negative] Verify user can't login when credentials is empty", "status": "failed", "statusDetails": {"message": "AssertionError: Error message missing!\nassert 'Epic sadface... this service' == 'Epic sadface...e is required'\n  \n  - Epic sadface: Username is required\n  + Epic sadface: Username and password do not match any user in this service", "trace": "set_up = <selenium.webdriver.chrome.webdriver.WebDriver (session=\"0c624e183145e6c323dd51a8c5c97b2b\")>\n\n    @step(\"user try login without credentials\")\n    @story(\"User will failed login to website if credentials are incorrect\")\n    @title(\"[Negative] Verify user can't login when credentials is empty\")\n    def test_login_no_credentials(set_up):\n        driver = set_up\n        login_page = Login_page(driver)\n    \n        # Perform login with incorrect credentials\n        login_page.login_as(\"\", \"\")\n    \n        # Assert if the error alert is displayed\n        login_page.get_wait(login_page.login_error_alert, 5).is_displayed()\n    \n>       assert login_page.get_text(login_page.login_error_msg)=='Epic sadface: Username is required', \"Error message missing!\"\nE       AssertionError: Error message missing!\nE       assert 'Epic sadface... this service' == 'Epic sadface...e is required'\nE         \nE         - Epic sadface: Username is required\nE         + Epic sadface: Username and password do not match any user in this service\n\ntests\\test_login.py:117: AssertionError"}, "steps": [{"name": "user try login without credentials", "status": "failed", "statusDetails": {"message": "AssertionError: Error message missing!\nassert 'Epic sadface... this service' == 'Epic sadface...e is required'\n  \n  - Epic sadface: Username is required\n  + Epic sadface: Username and password do not match any user in this service\n", "trace": "  File \"C:\\Users\\tan\\AppData\\Local\\pypoetry\\Cache\\virtualenvs\\test-package-xh99BTJe-py3.12\\Lib\\site-packages\\allure_commons\\_allure.py\", line 192, in impl\n    return func(*a, **kw)\n           ^^^^^^^^^^^^^^\n  File \"C:\\QA-practice\\Saucelabs\\python\\tests\\test_login.py\", line 117, in test_login_no_credentials\n    assert login_page.get_text(login_page.login_error_msg)=='Epic sadface: Username is required', \"Error message missing!\"\n"}, "steps": [{"name": "Login as '' with password ''''", "status": "passed", "steps": [{"name": "Insert username as ''", "status": "passed", "parameters": [{"name": "username", "value": "''"}], "start": 1740990614565, "stop": 1740990614852}, {"name": "Insert password to be ''", "status": "passed", "parameters": [{"name": "password", "value": "''"}], "start": 1740990614852, "stop": 1740990615141}, {"name": "Clicking button", "status": "passed", "parameters": [{"name": "identifier", "value": "('id', 'login-button')"}], "start": 1740990615141, "stop": 1740990615708}], "parameters": [{"name": "username", "value": "''"}, {"name": "password", "value": "''"}], "start": 1740990614565, "stop": 1740990615708}], "parameters": [{"name": "set_up", "value": "<selenium.webdriver.chrome.webdriver.WebDriver (session=\"0c624e183145e6c323dd51a8c5c97b2b\")>"}], "start": 1740990614565, "stop": 1740990615735}], "start": 1740990614565, "stop": 1740990615735, "uuid": "bfc391fb-21cb-4196-8077-184ec5663f8c", "historyId": "2c48a3721c71f24c2e102004e15f3d98", "testCaseId": "2c48a3721c71f24c2e102004e15f3d98", "fullName": "tests.test_login#test_login_no_credentials", "labels": [{"name": "feature", "value": "Login"}, {"name": "severity", "value": "blocker"}, {"name": "suite", "value": "Validate Login Functionality"}, {"name": "story", "value": "User will failed login to website if credentials are incorrect"}, {"name": "parentSuite", "value": "tests"}, {"name": "host", "value": "LOQ15"}, {"name": "thread", "value": "14380-MainThread"}, {"name": "framework", "value": "pytest"}, {"name": "language", "value": "cpython3"}, {"name": "package", "value": "tests.test_login"}]}