{"name": "[Negative] Verify user can't login when username is empty", "status": "broken", "statusDetails": {"message": "selenium.common.exceptions.NoSuchElementException: Message: no such element: Unable to locate element: {\"method\":\"css selector\",\"selector\":\"[id=\"user-name\"]\"}\n  (Session info: chrome=133.0.6943.142); For documentation on this error, please visit: https://www.selenium.dev/documentation/webdriver/troubleshooting/errors#no-such-element-exception\nStacktrace:\n\tGetHandleVerifier [0x00007FF6828BC6A5+28789]\n\t(No symbol) [0x00007FF682825B20]\n\t(No symbol) [0x00007FF6826B8F9A]\n\t(No symbol) [0x00007FF68270F346]\n\t(No symbol) [0x00007FF68270F57C]\n\t(No symbol) [0x00007FF682762B17]\n\t(No symbol) [0x00007FF68273736F]\n\t(No symbol) [0x00007FF68275F7E3]\n\t(No symbol) [0x00007FF682737103]\n\t(No symbol) [0x00007FF6826FFFC0]\n\t(No symbol) [0x00007FF682701273]\n\tGetHandleVerifier [0x00007FF682C01AED+3458237]\n\tGetHandleVerifier [0x00007FF682C1829C+3550316]\n\tGetHandleVerifier [0x00007FF682C0DB9D+3507565]\n\tGetHandleVerifier [0x00007FF682982C6A+841274]\n\t(No symbol) [0x00007FF6828309EF]\n\t(No symbol) [0x00007FF68282CB34]\n\t(No symbol) [0x00007FF68282CCD6]\n\t(No symbol) [0x00007FF68281C119]\n\tBaseThreadInitThunk [0x00007FFCF787E8D7+23]\n\tRtlUserThreadStart [0x00007FFCF8D7BF2C+44]", "trace": "set_up = <selenium.webdriver.chrome.webdriver.WebDriver (session=\"4f7a422bbc1f543a99428241599c69e6\")>\n\n    @step(\"user try login with no username\")\n    @story(\"User will failed login to website if credentials are incorrect\")\n    @title(\"[Negative] Verify user can't login when username is empty\")\n    def test_login_no_username(set_up):\n        driver = set_up\n        login_page = Login_page(driver)\n    \n        # Perform login with incorrect credentials\n>       login_page.login_as(\"\", \"secret_sauce\")\n\ntests\\test_login.py:95: \n_ _ _ _ _ _ _ _ _ _ _ _ _ _ _ _ _ _ _ _ _ _ _ _ _ _ _ _ _ _ _ _ _ _ _ _ _ _ _ _ _ _ _ _ _ _ _ _ _ _ _ _ _ _ _ _ _ _ _ _\npage\\login_page.py:41: in login_as\n    self.insert_credentials(username, password)\npage\\login_page.py:36: in insert_credentials\n    self.insert_username(username)\npage\\login_page.py:24: in insert_username\n    self.action.double_click(self.get(self.username_col))\npage\\POM.py:77: in get\n    return self.driver.find_element(*identfier)\nC:\\Users\\tan\\AppData\\Local\\pypoetry\\Cache\\virtualenvs\\test-package-xh99BTJe-py3.12\\Lib\\site-packages\\selenium\\webdriver\\remote\\webdriver.py:770: in find_element\n    return self.execute(Command.FIND_ELEMENT, {\"using\": by, \"value\": value})[\"value\"]\nC:\\Users\\tan\\AppData\\Local\\pypoetry\\Cache\\virtualenvs\\test-package-xh99BTJe-py3.12\\Lib\\site-packages\\selenium\\webdriver\\remote\\webdriver.py:384: in execute\n    self.error_handler.check_response(response)\n_ _ _ _ _ _ _ _ _ _ _ _ _ _ _ _ _ _ _ _ _ _ _ _ _ _ _ _ _ _ _ _ _ _ _ _ _ _ _ _ _ _ _ _ _ _ _ _ _ _ _ _ _ _ _ _ _ _ _ _\n\nself = <selenium.webdriver.remote.errorhandler.ErrorHandler object at 0x000001D03BF82DB0>\nresponse = {'status': 404, 'value': '{\"value\":{\"error\":\"no such element\",\"message\":\"no such element: Unable to locate element: {\\...07FF68281C119]\\\\n\\\\tBaseThreadInitThunk [0x00007FFCF787E8D7+23]\\\\n\\\\tRtlUserThreadStart [0x00007FFCF8D7BF2C+44]\\\\n\"}}'}\n\n    def check_response(self, response: Dict[str, Any]) -> None:\n        \"\"\"Checks that a JSON response from the WebDriver does not have an\n        error.\n    \n        :Args:\n         - response - The JSON response from the WebDriver server as a dictionary\n           object.\n    \n        :Raises: If the response contains an error message.\n        \"\"\"\n        status = response.get(\"status\", None)\n        if not status or status == ErrorCode.SUCCESS:\n            return\n        value = None\n        message = response.get(\"message\", \"\")\n        screen: str = response.get(\"screen\", \"\")\n        stacktrace = None\n        if isinstance(status, int):\n            value_json = response.get(\"value\", None)\n            if value_json and isinstance(value_json, str):\n                import json\n    \n                try:\n                    value = json.loads(value_json)\n                    if len(value) == 1:\n                        value = value[\"value\"]\n                    status = value.get(\"error\", None)\n                    if not status:\n                        status = value.get(\"status\", ErrorCode.UNKNOWN_ERROR)\n                        message = value.get(\"value\") or value.get(\"message\")\n                        if not isinstance(message, str):\n                            value = message\n                            message = message.get(\"message\")\n                    else:\n                        message = value.get(\"message\", None)\n                except ValueError:\n                    pass\n    \n        exception_class: Type[WebDriverException]\n        e = ErrorCode()\n        error_codes = [item for item in dir(e) if not item.startswith(\"__\")]\n        for error_code in error_codes:\n            error_info = getattr(ErrorCode, error_code)\n            if isinstance(error_info, list) and status in error_info:\n                exception_class = getattr(ExceptionMapping, error_code, WebDriverException)\n                break\n        else:\n            exception_class = WebDriverException\n    \n        if not value:\n            value = response[\"value\"]\n        if isinstance(value, str):\n            raise exception_class(value)\n        if message == \"\" and \"message\" in value:\n            message = value[\"message\"]\n    \n        screen = None  # type: ignore[assignment]\n        if \"screen\" in value:\n            screen = value[\"screen\"]\n    \n        stacktrace = None\n        st_value = value.get(\"stackTrace\") or value.get(\"stacktrace\")\n        if st_value:\n            if isinstance(st_value, str):\n                stacktrace = st_value.split(\"\\n\")\n            else:\n                stacktrace = []\n                try:\n                    for frame in st_value:\n                        line = frame.get(\"lineNumber\", \"\")\n                        file = frame.get(\"fileName\", \"<anonymous>\")\n                        if line:\n                            file = f\"{file}:{line}\"\n                        meth = frame.get(\"methodName\", \"<anonymous>\")\n                        if \"className\" in frame:\n                            meth = f\"{frame['className']}.{meth}\"\n                        msg = \"    at %s (%s)\"\n                        msg = msg % (meth, file)\n                        stacktrace.append(msg)\n                except TypeError:\n                    pass\n        if exception_class == UnexpectedAlertPresentException:\n            alert_text = None\n            if \"data\" in value:\n                alert_text = value[\"data\"].get(\"text\")\n            elif \"alert\" in value:\n                alert_text = value[\"alert\"].get(\"text\")\n            raise exception_class(message, screen, stacktrace, alert_text)  # type: ignore[call-arg]  # mypy is not smart enough here\n>       raise exception_class(message, screen, stacktrace)\nE       selenium.common.exceptions.NoSuchElementException: Message: no such element: Unable to locate element: {\"method\":\"css selector\",\"selector\":\"[id=\"user-name\"]\"}\nE         (Session info: chrome=133.0.6943.142); For documentation on this error, please visit: https://www.selenium.dev/documentation/webdriver/troubleshooting/errors#no-such-element-exception\nE       Stacktrace:\nE       \tGetHandleVerifier [0x00007FF6828BC6A5+28789]\nE       \t(No symbol) [0x00007FF682825B20]\nE       \t(No symbol) [0x00007FF6826B8F9A]\nE       \t(No symbol) [0x00007FF68270F346]\nE       \t(No symbol) [0x00007FF68270F57C]\nE       \t(No symbol) [0x00007FF682762B17]\nE       \t(No symbol) [0x00007FF68273736F]\nE       \t(No symbol) [0x00007FF68275F7E3]\nE       \t(No symbol) [0x00007FF682737103]\nE       \t(No symbol) [0x00007FF6826FFFC0]\nE       \t(No symbol) [0x00007FF682701273]\nE       \tGetHandleVerifier [0x00007FF682C01AED+3458237]\nE       \tGetHandleVerifier [0x00007FF682C1829C+3550316]\nE       \tGetHandleVerifier [0x00007FF682C0DB9D+3507565]\nE       \tGetHandleVerifier [0x00007FF682982C6A+841274]\nE       \t(No symbol) [0x00007FF6828309EF]\nE       \t(No symbol) [0x00007FF68282CB34]\nE       \t(No symbol) [0x00007FF68282CCD6]\nE       \t(No symbol) [0x00007FF68281C119]\nE       \tBaseThreadInitThunk [0x00007FFCF787E8D7+23]\nE       \tRtlUserThreadStart [0x00007FFCF8D7BF2C+44]\n\nC:\\Users\\tan\\AppData\\Local\\pypoetry\\Cache\\virtualenvs\\test-package-xh99BTJe-py3.12\\Lib\\site-packages\\selenium\\webdriver\\remote\\errorhandler.py:232: NoSuchElementException"}, "steps": [{"name": "user try login with no username", "status": "broken", "statusDetails": {"message": "selenium.common.exceptions.NoSuchElementException: Message: no such element: Unable to locate element: {\"method\":\"css selector\",\"selector\":\"[id=\"user-name\"]\"}\n  (Session info: chrome=133.0.6943.142); For documentation on this error, please visit: https://www.selenium.dev/documentation/webdriver/troubleshooting/errors#no-such-element-exception\nStacktrace:\n\tGetHandleVerifier [0x00007FF6828BC6A5+28789]\n\t(No symbol) [0x00007FF682825B20]\n\t(No symbol) [0x00007FF6826B8F9A]\n\t(No symbol) [0x00007FF68270F346]\n\t(No symbol) [0x00007FF68270F57C]\n\t(No symbol) [0x00007FF682762B17]\n\t(No symbol) [0x00007FF68273736F]\n\t(No symbol) [0x00007FF68275F7E3]\n\t(No symbol) [0x00007FF682737103]\n\t(No symbol) [0x00007FF6826FFFC0]\n\t(No symbol) [0x00007FF682701273]\n\tGetHandleVerifier [0x00007FF682C01AED+3458237]\n\tGetHandleVerifier [0x00007FF682C1829C+3550316]\n\tGetHandleVerifier [0x00007FF682C0DB9D+3507565]\n\tGetHandleVerifier [0x00007FF682982C6A+841274]\n\t(No symbol) [0x00007FF6828309EF]\n\t(No symbol) [0x00007FF68282CB34]\n\t(No symbol) [0x00007FF68282CCD6]\n\t(No symbol) [0x00007FF68281C119]\n\tBaseThreadInitThunk [0x00007FFCF787E8D7+23]\n\tRtlUserThreadStart [0x00007FFCF8D7BF2C+44]\n\n", "trace": "  File \"C:\\Users\\tan\\AppData\\Local\\pypoetry\\Cache\\virtualenvs\\test-package-xh99BTJe-py3.12\\Lib\\site-packages\\allure_commons\\_allure.py\", line 192, in impl\n    return func(*a, **kw)\n           ^^^^^^^^^^^^^^\n  File \"C:\\QA-practice\\Saucelabs\\python\\tests\\test_login.py\", line 95, in test_login_no_username\n    login_page.login_as(\"\", \"secret_sauce\")\n  File \"C:\\Users\\tan\\AppData\\Local\\pypoetry\\Cache\\virtualenvs\\test-package-xh99BTJe-py3.12\\Lib\\site-packages\\allure_commons\\_allure.py\", line 192, in impl\n    return func(*a, **kw)\n           ^^^^^^^^^^^^^^\n  File \"C:\\QA-practice\\Saucelabs\\python\\page\\login_page.py\", line 41, in login_as\n    self.insert_credentials(username, password)\n  File \"C:\\QA-practice\\Saucelabs\\python\\page\\login_page.py\", line 36, in insert_credentials\n    self.insert_username(username)\n  File \"C:\\Users\\tan\\AppData\\Local\\pypoetry\\Cache\\virtualenvs\\test-package-xh99BTJe-py3.12\\Lib\\site-packages\\allure_commons\\_allure.py\", line 192, in impl\n    return func(*a, **kw)\n           ^^^^^^^^^^^^^^\n  File \"C:\\QA-practice\\Saucelabs\\python\\page\\login_page.py\", line 24, in insert_username\n    self.action.double_click(self.get(self.username_col))\n                             ^^^^^^^^^^^^^^^^^^^^^^^^^^^\n  File \"C:\\QA-practice\\Saucelabs\\python\\page\\POM.py\", line 77, in get\n    return self.driver.find_element(*identfier)\n           ^^^^^^^^^^^^^^^^^^^^^^^^^^^^^^^^^^^^\n  File \"C:\\Users\\tan\\AppData\\Local\\pypoetry\\Cache\\virtualenvs\\test-package-xh99BTJe-py3.12\\Lib\\site-packages\\selenium\\webdriver\\remote\\webdriver.py\", line 770, in find_element\n    return self.execute(Command.FIND_ELEMENT, {\"using\": by, \"value\": value})[\"value\"]\n           ^^^^^^^^^^^^^^^^^^^^^^^^^^^^^^^^^^^^^^^^^^^^^^^^^^^^^^^^^^^^^^^^^\n  File \"C:\\Users\\tan\\AppData\\Local\\pypoetry\\Cache\\virtualenvs\\test-package-xh99BTJe-py3.12\\Lib\\site-packages\\selenium\\webdriver\\remote\\webdriver.py\", line 384, in execute\n    self.error_handler.check_response(response)\n  File \"C:\\Users\\tan\\AppData\\Local\\pypoetry\\Cache\\virtualenvs\\test-package-xh99BTJe-py3.12\\Lib\\site-packages\\selenium\\webdriver\\remote\\errorhandler.py\", line 232, in check_response\n    raise exception_class(message, screen, stacktrace)\n"}, "steps": [{"name": "Login as '' with password ''secret_sauce''", "status": "broken", "statusDetails": {"message": "selenium.common.exceptions.NoSuchElementException: Message: no such element: Unable to locate element: {\"method\":\"css selector\",\"selector\":\"[id=\"user-name\"]\"}\n  (Session info: chrome=133.0.6943.142); For documentation on this error, please visit: https://www.selenium.dev/documentation/webdriver/troubleshooting/errors#no-such-element-exception\nStacktrace:\n\tGetHandleVerifier [0x00007FF6828BC6A5+28789]\n\t(No symbol) [0x00007FF682825B20]\n\t(No symbol) [0x00007FF6826B8F9A]\n\t(No symbol) [0x00007FF68270F346]\n\t(No symbol) [0x00007FF68270F57C]\n\t(No symbol) [0x00007FF682762B17]\n\t(No symbol) [0x00007FF68273736F]\n\t(No symbol) [0x00007FF68275F7E3]\n\t(No symbol) [0x00007FF682737103]\n\t(No symbol) [0x00007FF6826FFFC0]\n\t(No symbol) [0x00007FF682701273]\n\tGetHandleVerifier [0x00007FF682C01AED+3458237]\n\tGetHandleVerifier [0x00007FF682C1829C+3550316]\n\tGetHandleVerifier [0x00007FF682C0DB9D+3507565]\n\tGetHandleVerifier [0x00007FF682982C6A+841274]\n\t(No symbol) [0x00007FF6828309EF]\n\t(No symbol) [0x00007FF68282CB34]\n\t(No symbol) [0x00007FF68282CCD6]\n\t(No symbol) [0x00007FF68281C119]\n\tBaseThreadInitThunk [0x00007FFCF787E8D7+23]\n\tRtlUserThreadStart [0x00007FFCF8D7BF2C+44]\n\n", "trace": "  File \"C:\\Users\\tan\\AppData\\Local\\pypoetry\\Cache\\virtualenvs\\test-package-xh99BTJe-py3.12\\Lib\\site-packages\\allure_commons\\_allure.py\", line 192, in impl\n    return func(*a, **kw)\n           ^^^^^^^^^^^^^^\n  File \"C:\\QA-practice\\Saucelabs\\python\\page\\login_page.py\", line 41, in login_as\n    self.insert_credentials(username, password)\n  File \"C:\\QA-practice\\Saucelabs\\python\\page\\login_page.py\", line 36, in insert_credentials\n    self.insert_username(username)\n  File \"C:\\Users\\tan\\AppData\\Local\\pypoetry\\Cache\\virtualenvs\\test-package-xh99BTJe-py3.12\\Lib\\site-packages\\allure_commons\\_allure.py\", line 192, in impl\n    return func(*a, **kw)\n           ^^^^^^^^^^^^^^\n  File \"C:\\QA-practice\\Saucelabs\\python\\page\\login_page.py\", line 24, in insert_username\n    self.action.double_click(self.get(self.username_col))\n                             ^^^^^^^^^^^^^^^^^^^^^^^^^^^\n  File \"C:\\QA-practice\\Saucelabs\\python\\page\\POM.py\", line 77, in get\n    return self.driver.find_element(*identfier)\n           ^^^^^^^^^^^^^^^^^^^^^^^^^^^^^^^^^^^^\n  File \"C:\\Users\\tan\\AppData\\Local\\pypoetry\\Cache\\virtualenvs\\test-package-xh99BTJe-py3.12\\Lib\\site-packages\\selenium\\webdriver\\remote\\webdriver.py\", line 770, in find_element\n    return self.execute(Command.FIND_ELEMENT, {\"using\": by, \"value\": value})[\"value\"]\n           ^^^^^^^^^^^^^^^^^^^^^^^^^^^^^^^^^^^^^^^^^^^^^^^^^^^^^^^^^^^^^^^^^\n  File \"C:\\Users\\tan\\AppData\\Local\\pypoetry\\Cache\\virtualenvs\\test-package-xh99BTJe-py3.12\\Lib\\site-packages\\selenium\\webdriver\\remote\\webdriver.py\", line 384, in execute\n    self.error_handler.check_response(response)\n  File \"C:\\Users\\tan\\AppData\\Local\\pypoetry\\Cache\\virtualenvs\\test-package-xh99BTJe-py3.12\\Lib\\site-packages\\selenium\\webdriver\\remote\\errorhandler.py\", line 232, in check_response\n    raise exception_class(message, screen, stacktrace)\n"}, "steps": [{"name": "Insert username as ''", "status": "broken", "statusDetails": {"message": "selenium.common.exceptions.NoSuchElementException: Message: no such element: Unable to locate element: {\"method\":\"css selector\",\"selector\":\"[id=\"user-name\"]\"}\n  (Session info: chrome=133.0.6943.142); For documentation on this error, please visit: https://www.selenium.dev/documentation/webdriver/troubleshooting/errors#no-such-element-exception\nStacktrace:\n\tGetHandleVerifier [0x00007FF6828BC6A5+28789]\n\t(No symbol) [0x00007FF682825B20]\n\t(No symbol) [0x00007FF6826B8F9A]\n\t(No symbol) [0x00007FF68270F346]\n\t(No symbol) [0x00007FF68270F57C]\n\t(No symbol) [0x00007FF682762B17]\n\t(No symbol) [0x00007FF68273736F]\n\t(No symbol) [0x00007FF68275F7E3]\n\t(No symbol) [0x00007FF682737103]\n\t(No symbol) [0x00007FF6826FFFC0]\n\t(No symbol) [0x00007FF682701273]\n\tGetHandleVerifier [0x00007FF682C01AED+3458237]\n\tGetHandleVerifier [0x00007FF682C1829C+3550316]\n\tGetHandleVerifier [0x00007FF682C0DB9D+3507565]\n\tGetHandleVerifier [0x00007FF682982C6A+841274]\n\t(No symbol) [0x00007FF6828309EF]\n\t(No symbol) [0x00007FF68282CB34]\n\t(No symbol) [0x00007FF68282CCD6]\n\t(No symbol) [0x00007FF68281C119]\n\tBaseThreadInitThunk [0x00007FFCF787E8D7+23]\n\tRtlUserThreadStart [0x00007FFCF8D7BF2C+44]\n\n", "trace": "  File \"C:\\Users\\tan\\AppData\\Local\\pypoetry\\Cache\\virtualenvs\\test-package-xh99BTJe-py3.12\\Lib\\site-packages\\allure_commons\\_allure.py\", line 192, in impl\n    return func(*a, **kw)\n           ^^^^^^^^^^^^^^\n  File \"C:\\QA-practice\\Saucelabs\\python\\page\\login_page.py\", line 24, in insert_username\n    self.action.double_click(self.get(self.username_col))\n                             ^^^^^^^^^^^^^^^^^^^^^^^^^^^\n  File \"C:\\QA-practice\\Saucelabs\\python\\page\\POM.py\", line 77, in get\n    return self.driver.find_element(*identfier)\n           ^^^^^^^^^^^^^^^^^^^^^^^^^^^^^^^^^^^^\n  File \"C:\\Users\\tan\\AppData\\Local\\pypoetry\\Cache\\virtualenvs\\test-package-xh99BTJe-py3.12\\Lib\\site-packages\\selenium\\webdriver\\remote\\webdriver.py\", line 770, in find_element\n    return self.execute(Command.FIND_ELEMENT, {\"using\": by, \"value\": value})[\"value\"]\n           ^^^^^^^^^^^^^^^^^^^^^^^^^^^^^^^^^^^^^^^^^^^^^^^^^^^^^^^^^^^^^^^^^\n  File \"C:\\Users\\tan\\AppData\\Local\\pypoetry\\Cache\\virtualenvs\\test-package-xh99BTJe-py3.12\\Lib\\site-packages\\selenium\\webdriver\\remote\\webdriver.py\", line 384, in execute\n    self.error_handler.check_response(response)\n  File \"C:\\Users\\tan\\AppData\\Local\\pypoetry\\Cache\\virtualenvs\\test-package-xh99BTJe-py3.12\\Lib\\site-packages\\selenium\\webdriver\\remote\\errorhandler.py\", line 232, in check_response\n    raise exception_class(message, screen, stacktrace)\n"}, "parameters": [{"name": "username", "value": "''"}], "start": 1740990725728, "stop": 1740990725737}], "parameters": [{"name": "username", "value": "''"}, {"name": "password", "value": "'secret_sauce'"}], "start": 1740990725728, "stop": 1740990725738}], "parameters": [{"name": "set_up", "value": "<selenium.webdriver.chrome.webdriver.WebDriver (session=\"4f7a422bbc1f543a99428241599c69e6\")>"}], "start": 1740990725728, "stop": 1740990725739}], "start": 1740990725728, "stop": 1740990725740, "uuid": "d7089964-4326-4e9d-9326-be956aff3a21", "historyId": "9c86a93e03699278407e6113252cfa85", "testCaseId": "9c86a93e03699278407e6113252cfa85", "fullName": "tests.test_login#test_login_no_username", "labels": [{"name": "feature", "value": "Login"}, {"name": "severity", "value": "blocker"}, {"name": "suite", "value": "Validate Login Functionality"}, {"name": "story", "value": "User will failed login to website if credentials are incorrect"}, {"name": "parentSuite", "value": "tests"}, {"name": "host", "value": "LOQ15"}, {"name": "thread", "value": "24524-MainThread"}, {"name": "framework", "value": "pytest"}, {"name": "language", "value": "cpython3"}, {"name": "package", "value": "tests.test_login"}]}