{"name": "test_user_will_redirected_to_home_page_when_user_click_company_logo", "status": "broken", "statusDetails": {"message": "selenium.common.exceptions.InvalidSelectorException: Message: invalid selector\nfrom javascript error: {\"status\":32,\"value\":\"Unable to locate an element with the xpath expression //*[text()[contains(.,'We harness the power of We harness the power of Big Data, Data Science, and Generative AI to drive transformation and unlock new opportunities. Our cutting-edge analytics reveal hidden patterns, optimize processes, and deliver predictive insights, revolutionizing decision making process.')] because of the following error:\\nSyntaxError: Failed to execute 'evaluate' on 'Document': The string '//*[text()[contains(.,'We harness the power of We harness the power of Big Data, Data Science, and Generative AI to drive transformation and unlock new opportunities. Our cutting-edge analytics reveal hidden patterns, optimize processes, and deliver predictive insights, revolutionizing decision making process.')]' is not a valid XPath expression.\"}\n  (Session info: chrome=131.0.6778.265); For documentation on this error, please visit: https://www.selenium.dev/documentation/webdriver/troubleshooting/errors#invalid-selector-exception\nStacktrace:\n\tGetHandleVerifier [0x00007FF7D29B80D5+2992373]\n\t(No symbol) [0x00007FF7D264BFD0]\n\t(No symbol) [0x00007FF7D24E590A]\n\t(No symbol) [0x00007FF7D24EC46F]\n\t(No symbol) [0x00007FF7D24EF11C]\n\t(No symbol) [0x00007FF7D24EF1EF]\n\t(No symbol) [0x00007FF7D2538D1A]\n\t(No symbol) [0x00007FF7D253955C]\n\t(No symbol) [0x00007FF7D25827D7]\n\t(No symbol) [0x00007FF7D255F3AF]\n\t(No symbol) [0x00007FF7D257F584]\n\t(No symbol) [0x00007FF7D255F113]\n\t(No symbol) [0x00007FF7D252A918]\n\t(No symbol) [0x00007FF7D252BA81]\n\tGetHandleVerifier [0x00007FF7D2A16A2D+3379789]\n\tGetHandleVerifier [0x00007FF7D2A2C32D+3468109]\n\tGetHandleVerifier [0x00007FF7D2A20043+3418211]\n\tGetHandleVerifier [0x00007FF7D27AC78B+847787]\n\t(No symbol) [0x00007FF7D265757F]\n\t(No symbol) [0x00007FF7D2652FC4]\n\t(No symbol) [0x00007FF7D265315D]\n\t(No symbol) [0x00007FF7D2642979]\n\tBaseThreadInitThunk [0x00007FFF4276259D+29]\n\tRtlUserThreadStart [0x00007FFF43A4AF38+40]", "trace": "browser_driver = <selenium.webdriver.chrome.webdriver.WebDriver (session=\"eeb080b908eb1eef5300e75549c06894\")>\n\n    def test_user_will_redirected_to_home_page_when_user_click_company_logo(browser_driver):\n        driver = browser_driver\n        home = Home_page(driver)\n        navigate_url(home, \"https://indonesiaindicator.com/i2-academy\")\n        driver.fullscreen_window()\n        take_page_screenshot(home.driver, \"rendered web at the beginning\")\n        home.click_btn(home.home_navbar)\n        # //*[text()[contains(.,'ABC')]]\n>       home.wait_and_verify((By.XPATH, \"//*[text()[contains(.,'We harness the power of We harness the power of Big Data, Data Science, and Generative AI to drive transformation and unlock new opportunities. Our cutting-edge analytics reveal hidden patterns, optimize processes, and deliver predictive insights, revolutionizing decision making process.')]\"))\n\ntests\\test_cases\\home_page_ui\\test_navbar.py:85: \n_ _ _ _ _ _ _ _ _ _ _ _ _ _ _ _ _ _ _ _ _ _ _ _ _ _ _ _ _ _ _ _ _ _ _ _ _ _ _ _ _ _ _ _ _ _ _ _ _ _ _ _ _ \npage\\POM.py:72: in wait_and_verify\n    element = WebDriverWait(self.driver, time).until(EC.presence_of_element_located(identifier))\nC:\\Users\\tan\\AppData\\Local\\pypoetry\\Cache\\virtualenvs\\test-package-wyls7CHe-py3.12\\Lib\\site-packages\\selenium\\webdriver\\support\\wait.py:96: in until\n    value = method(self._driver)\nC:\\Users\\tan\\AppData\\Local\\pypoetry\\Cache\\virtualenvs\\test-package-wyls7CHe-py3.12\\Lib\\site-packages\\selenium\\webdriver\\support\\expected_conditions.py:84: in _predicate\n    return driver.find_element(*locator)\nC:\\Users\\tan\\AppData\\Local\\pypoetry\\Cache\\virtualenvs\\test-package-wyls7CHe-py3.12\\Lib\\site-packages\\selenium\\webdriver\\remote\\webdriver.py:770: in find_element\n    return self.execute(Command.FIND_ELEMENT, {\"using\": by, \"value\": value})[\"value\"]\nC:\\Users\\tan\\AppData\\Local\\pypoetry\\Cache\\virtualenvs\\test-package-wyls7CHe-py3.12\\Lib\\site-packages\\selenium\\webdriver\\remote\\webdriver.py:384: in execute\n    self.error_handler.check_response(response)\n_ _ _ _ _ _ _ _ _ _ _ _ _ _ _ _ _ _ _ _ _ _ _ _ _ _ _ _ _ _ _ _ _ _ _ _ _ _ _ _ _ _ _ _ _ _ _ _ _ _ _ _ _ \n\nself = <selenium.webdriver.remote.errorhandler.ErrorHandler object at 0x00000225ED0F4E60>\nresponse = {'status': 400, 'value': '{\"value\":{\"error\":\"invalid selector\",\"message\":\"invalid selector\\\\nfrom javascript error: {\\...07FF7D2642979]\\\\n\\\\tBaseThreadInitThunk [0x00007FFF4276259D+29]\\\\n\\\\tRtlUserThreadStart [0x00007FFF43A4AF38+40]\\\\n\"}}'}\n\n    def check_response(self, response: Dict[str, Any]) -> None:\n        \"\"\"Checks that a JSON response from the WebDriver does not have an\n        error.\n    \n        :Args:\n         - response - The JSON response from the WebDriver server as a dictionary\n           object.\n    \n        :Raises: If the response contains an error message.\n        \"\"\"\n        status = response.get(\"status\", None)\n        if not status or status == ErrorCode.SUCCESS:\n            return\n        value = None\n        message = response.get(\"message\", \"\")\n        screen: str = response.get(\"screen\", \"\")\n        stacktrace = None\n        if isinstance(status, int):\n            value_json = response.get(\"value\", None)\n            if value_json and isinstance(value_json, str):\n                import json\n    \n                try:\n                    value = json.loads(value_json)\n                    if len(value) == 1:\n                        value = value[\"value\"]\n                    status = value.get(\"error\", None)\n                    if not status:\n                        status = value.get(\"status\", ErrorCode.UNKNOWN_ERROR)\n                        message = value.get(\"value\") or value.get(\"message\")\n                        if not isinstance(message, str):\n                            value = message\n                            message = message.get(\"message\")\n                    else:\n                        message = value.get(\"message\", None)\n                except ValueError:\n                    pass\n    \n        exception_class: Type[WebDriverException]\n        e = ErrorCode()\n        error_codes = [item for item in dir(e) if not item.startswith(\"__\")]\n        for error_code in error_codes:\n            error_info = getattr(ErrorCode, error_code)\n            if isinstance(error_info, list) and status in error_info:\n                exception_class = getattr(ExceptionMapping, error_code, WebDriverException)\n                break\n        else:\n            exception_class = WebDriverException\n    \n        if not value:\n            value = response[\"value\"]\n        if isinstance(value, str):\n            raise exception_class(value)\n        if message == \"\" and \"message\" in value:\n            message = value[\"message\"]\n    \n        screen = None  # type: ignore[assignment]\n        if \"screen\" in value:\n            screen = value[\"screen\"]\n    \n        stacktrace = None\n        st_value = value.get(\"stackTrace\") or value.get(\"stacktrace\")\n        if st_value:\n            if isinstance(st_value, str):\n                stacktrace = st_value.split(\"\\n\")\n            else:\n                stacktrace = []\n                try:\n                    for frame in st_value:\n                        line = frame.get(\"lineNumber\", \"\")\n                        file = frame.get(\"fileName\", \"<anonymous>\")\n                        if line:\n                            file = f\"{file}:{line}\"\n                        meth = frame.get(\"methodName\", \"<anonymous>\")\n                        if \"className\" in frame:\n                            meth = f\"{frame['className']}.{meth}\"\n                        msg = \"    at %s (%s)\"\n                        msg = msg % (meth, file)\n                        stacktrace.append(msg)\n                except TypeError:\n                    pass\n        if exception_class == UnexpectedAlertPresentException:\n            alert_text = None\n            if \"data\" in value:\n                alert_text = value[\"data\"].get(\"text\")\n            elif \"alert\" in value:\n                alert_text = value[\"alert\"].get(\"text\")\n            raise exception_class(message, screen, stacktrace, alert_text)  # type: ignore[call-arg]  # mypy is not smart enough here\n>       raise exception_class(message, screen, stacktrace)\nE       selenium.common.exceptions.InvalidSelectorException: Message: invalid selector\nE       from javascript error: {\"status\":32,\"value\":\"Unable to locate an element with the xpath expression //*[text()[contains(.,'We harness the power of We harness the power of Big Data, Data Science, and Generative AI to drive transformation and unlock new opportunities. Our cutting-edge analytics reveal hidden patterns, optimize processes, and deliver predictive insights, revolutionizing decision making process.')] because of the following error:\\nSyntaxError: Failed to execute 'evaluate' on 'Document': The string '//*[text()[contains(.,'We harness the power of We harness the power of Big Data, Data Science, and Generative AI to drive transformation and unlock new opportunities. Our cutting-edge analytics reveal hidden patterns, optimize processes, and deliver predictive insights, revolutionizing decision making process.')]' is not a valid XPath expression.\"}\nE         (Session info: chrome=131.0.6778.265); For documentation on this error, please visit: https://www.selenium.dev/documentation/webdriver/troubleshooting/errors#invalid-selector-exception\nE       Stacktrace:\nE       \tGetHandleVerifier [0x00007FF7D29B80D5+2992373]\nE       \t(No symbol) [0x00007FF7D264BFD0]\nE       \t(No symbol) [0x00007FF7D24E590A]\nE       \t(No symbol) [0x00007FF7D24EC46F]\nE       \t(No symbol) [0x00007FF7D24EF11C]\nE       \t(No symbol) [0x00007FF7D24EF1EF]\nE       \t(No symbol) [0x00007FF7D2538D1A]\nE       \t(No symbol) [0x00007FF7D253955C]\nE       \t(No symbol) [0x00007FF7D25827D7]\nE       \t(No symbol) [0x00007FF7D255F3AF]\nE       \t(No symbol) [0x00007FF7D257F584]\nE       \t(No symbol) [0x00007FF7D255F113]\nE       \t(No symbol) [0x00007FF7D252A918]\nE       \t(No symbol) [0x00007FF7D252BA81]\nE       \tGetHandleVerifier [0x00007FF7D2A16A2D+3379789]\nE       \tGetHandleVerifier [0x00007FF7D2A2C32D+3468109]\nE       \tGetHandleVerifier [0x00007FF7D2A20043+3418211]\nE       \tGetHandleVerifier [0x00007FF7D27AC78B+847787]\nE       \t(No symbol) [0x00007FF7D265757F]\nE       \t(No symbol) [0x00007FF7D2652FC4]\nE       \t(No symbol) [0x00007FF7D265315D]\nE       \t(No symbol) [0x00007FF7D2642979]\nE       \tBaseThreadInitThunk [0x00007FFF4276259D+29]\nE       \tRtlUserThreadStart [0x00007FFF43A4AF38+40]\n\nC:\\Users\\tan\\AppData\\Local\\pypoetry\\Cache\\virtualenvs\\test-package-wyls7CHe-py3.12\\Lib\\site-packages\\selenium\\webdriver\\remote\\errorhandler.py:232: InvalidSelectorException"}, "steps": [{"name": "Navigate to 'https://indonesiaindicator.com/i2-academy'", "status": "passed", "parameters": [{"name": "POM_driver", "value": "<page.home_page.Home_page object at 0x00000225EDD507D0>"}, {"name": "url", "value": "'https://indonesiaindicator.com/i2-academy'"}], "start": 1736541593266, "stop": 1736541605078}, {"name": "Take page screenshot", "status": "passed", "attachments": [{"name": "rendered web at the beginning", "source": "7d13a430-ab42-4ee8-b20a-cbba25e28052-attachment.png", "type": "image/png"}], "parameters": [{"name": "browser_driver", "value": "<selenium.webdriver.chrome.webdriver.WebDriver (session=\"eeb080b908eb1eef5300e75549c06894\")>"}, {"name": "file_name", "value": "'rendered web at the beginning'"}], "start": 1736541605144, "stop": 1736541605754}, {"name": "click '' button", "status": "passed", "parameters": [{"name": "identifier", "value": "('xpath', \"//a[@navigate='home']\")"}, {"name": "button_name", "value": "''"}], "start": 1736541605754, "stop": 1736541605891}], "start": 1736541593266, "stop": 1736541605923, "uuid": "78ab94c4-68ff-4a5b-9233-879cbc7d5473", "historyId": "45694ab4388ccec546781d4f603198de", "testCaseId": "45694ab4388ccec546781d4f603198de", "fullName": "tests.test_cases.home_page_ui.test_navbar#test_user_will_redirected_to_home_page_when_user_click_company_logo", "labels": [{"name": "parentSuite", "value": "tests.test_cases.home_page_ui"}, {"name": "suite", "value": "test_navbar"}, {"name": "host", "value": "LOQ15"}, {"name": "thread", "value": "24220-MainThread"}, {"name": "framework", "value": "pytest"}, {"name": "language", "value": "cpython3"}, {"name": "package", "value": "tests.test_cases.home_page_ui.test_navbar"}]}