{"name": "test_rendering_img", "status": "broken", "statusDetails": {"message": "selenium.common.exceptions.NoSuchElementException: Message: no such element: Unable to locate element: {\"method\":\"xpath\",\"selector\":\"//*[@id=\"root\"]/div[7]/div/section/div/div/div[2]/div[1]/div/a/img\"}\n  (Session info: chrome=133.0.6943.142); For documentation on this error, please visit: https://www.selenium.dev/documentation/webdriver/troubleshooting/errors#no-such-element-exception\nStacktrace:\n\tGetHandleVerifier [0x00007FF6B425C6A5+28789]\n\t(No symbol) [0x00007FF6B41C5B20]\n\t(No symbol) [0x00007FF6B4058F9A]\n\t(No symbol) [0x00007FF6B40AF346]\n\t(No symbol) [0x00007FF6B40AF57C]\n\t(No symbol) [0x00007FF6B4102B17]\n\t(No symbol) [0x00007FF6B40D736F]\n\t(No symbol) [0x00007FF6B40FF7E3]\n\t(No symbol) [0x00007FF6B40D7103]\n\t(No symbol) [0x00007FF6B409FFC0]\n\t(No symbol) [0x00007FF6B40A1273]\n\tGetHandleVerifier [0x00007FF6B45A1AED+3458237]\n\tGetHandleVerifier [0x00007FF6B45B829C+3550316]\n\tGetHandleVerifier [0x00007FF6B45ADB9D+3507565]\n\tGetHandleVerifier [0x00007FF6B4322C6A+841274]\n\t(No symbol) [0x00007FF6B41D09EF]\n\t(No symbol) [0x00007FF6B41CCB34]\n\t(No symbol) [0x00007FF6B41CCCD6]\n\t(No symbol) [0x00007FF6B41BC119]\n\tBaseThreadInitThunk [0x00007FFCF787E8D7+23]\n\tRtlUserThreadStart [0x00007FFCF8D7BF2C+44]", "trace": "browser_driver = <selenium.webdriver.chrome.webdriver.WebDriver (session=\"b71bee343875dbd887b7deaa1dfead8a\")>\n\n    def test_rendering_img(browser_driver):\n        driver = browser_driver\n        home = Home_page(driver)\n        home.navigate_to(home.url)\n>       home.hover_mouse(home.img_xpath)\n\ntests\\test_cases\\home_page_ui\\test_dummy_actionchains.py:25: \n_ _ _ _ _ _ _ _ _ _ _ _ _ _ _ _ _ _ _ _ _ _ _ _ _ _ _ _ _ _ _ _ _ _ _ _ _ _ _ _ _ _ _ _ _ _ _ _ _ _ _ _ _ _ _ _ _ _ _ _\npage\\POM.py:44: in hover_mouse\n    raise(e)\npage\\POM.py:42: in hover_mouse\n    self.action.move_to_element(self.get(identifier))\npage\\POM.py:76: in get\n    return self.driver.find_element(*identfier)\nC:\\Users\\tan\\AppData\\Local\\pypoetry\\Cache\\virtualenvs\\test-package-wyls7CHe-py3.12\\Lib\\site-packages\\selenium\\webdriver\\remote\\webdriver.py:770: in find_element\n    return self.execute(Command.FIND_ELEMENT, {\"using\": by, \"value\": value})[\"value\"]\nC:\\Users\\tan\\AppData\\Local\\pypoetry\\Cache\\virtualenvs\\test-package-wyls7CHe-py3.12\\Lib\\site-packages\\selenium\\webdriver\\remote\\webdriver.py:384: in execute\n    self.error_handler.check_response(response)\n_ _ _ _ _ _ _ _ _ _ _ _ _ _ _ _ _ _ _ _ _ _ _ _ _ _ _ _ _ _ _ _ _ _ _ _ _ _ _ _ _ _ _ _ _ _ _ _ _ _ _ _ _ _ _ _ _ _ _ _\n\nself = <selenium.webdriver.remote.errorhandler.ErrorHandler object at 0x0000029229D26210>\nresponse = {'status': 404, 'value': '{\"value\":{\"error\":\"no such element\",\"message\":\"no such element: Unable to locate element: {\\...07FF6B41BC119]\\\\n\\\\tBaseThreadInitThunk [0x00007FFCF787E8D7+23]\\\\n\\\\tRtlUserThreadStart [0x00007FFCF8D7BF2C+44]\\\\n\"}}'}\n\n    def check_response(self, response: Dict[str, Any]) -> None:\n        \"\"\"Checks that a JSON response from the WebDriver does not have an\n        error.\n    \n        :Args:\n         - response - The JSON response from the WebDriver server as a dictionary\n           object.\n    \n        :Raises: If the response contains an error message.\n        \"\"\"\n        status = response.get(\"status\", None)\n        if not status or status == ErrorCode.SUCCESS:\n            return\n        value = None\n        message = response.get(\"message\", \"\")\n        screen: str = response.get(\"screen\", \"\")\n        stacktrace = None\n        if isinstance(status, int):\n            value_json = response.get(\"value\", None)\n            if value_json and isinstance(value_json, str):\n                import json\n    \n                try:\n                    value = json.loads(value_json)\n                    if len(value) == 1:\n                        value = value[\"value\"]\n                    status = value.get(\"error\", None)\n                    if not status:\n                        status = value.get(\"status\", ErrorCode.UNKNOWN_ERROR)\n                        message = value.get(\"value\") or value.get(\"message\")\n                        if not isinstance(message, str):\n                            value = message\n                            message = message.get(\"message\")\n                    else:\n                        message = value.get(\"message\", None)\n                except ValueError:\n                    pass\n    \n        exception_class: Type[WebDriverException]\n        e = ErrorCode()\n        error_codes = [item for item in dir(e) if not item.startswith(\"__\")]\n        for error_code in error_codes:\n            error_info = getattr(ErrorCode, error_code)\n            if isinstance(error_info, list) and status in error_info:\n                exception_class = getattr(ExceptionMapping, error_code, WebDriverException)\n                break\n        else:\n            exception_class = WebDriverException\n    \n        if not value:\n            value = response[\"value\"]\n        if isinstance(value, str):\n            raise exception_class(value)\n        if message == \"\" and \"message\" in value:\n            message = value[\"message\"]\n    \n        screen = None  # type: ignore[assignment]\n        if \"screen\" in value:\n            screen = value[\"screen\"]\n    \n        stacktrace = None\n        st_value = value.get(\"stackTrace\") or value.get(\"stacktrace\")\n        if st_value:\n            if isinstance(st_value, str):\n                stacktrace = st_value.split(\"\\n\")\n            else:\n                stacktrace = []\n                try:\n                    for frame in st_value:\n                        line = frame.get(\"lineNumber\", \"\")\n                        file = frame.get(\"fileName\", \"<anonymous>\")\n                        if line:\n                            file = f\"{file}:{line}\"\n                        meth = frame.get(\"methodName\", \"<anonymous>\")\n                        if \"className\" in frame:\n                            meth = f\"{frame['className']}.{meth}\"\n                        msg = \"    at %s (%s)\"\n                        msg = msg % (meth, file)\n                        stacktrace.append(msg)\n                except TypeError:\n                    pass\n        if exception_class == UnexpectedAlertPresentException:\n            alert_text = None\n            if \"data\" in value:\n                alert_text = value[\"data\"].get(\"text\")\n            elif \"alert\" in value:\n                alert_text = value[\"alert\"].get(\"text\")\n            raise exception_class(message, screen, stacktrace, alert_text)  # type: ignore[call-arg]  # mypy is not smart enough here\n>       raise exception_class(message, screen, stacktrace)\nE       selenium.common.exceptions.NoSuchElementException: Message: no such element: Unable to locate element: {\"method\":\"xpath\",\"selector\":\"//*[@id=\"root\"]/div[7]/div/section/div/div/div[2]/div[1]/div/a/img\"}\nE         (Session info: chrome=133.0.6943.142); For documentation on this error, please visit: https://www.selenium.dev/documentation/webdriver/troubleshooting/errors#no-such-element-exception\nE       Stacktrace:\nE       \tGetHandleVerifier [0x00007FF6B425C6A5+28789]\nE       \t(No symbol) [0x00007FF6B41C5B20]\nE       \t(No symbol) [0x00007FF6B4058F9A]\nE       \t(No symbol) [0x00007FF6B40AF346]\nE       \t(No symbol) [0x00007FF6B40AF57C]\nE       \t(No symbol) [0x00007FF6B4102B17]\nE       \t(No symbol) [0x00007FF6B40D736F]\nE       \t(No symbol) [0x00007FF6B40FF7E3]\nE       \t(No symbol) [0x00007FF6B40D7103]\nE       \t(No symbol) [0x00007FF6B409FFC0]\nE       \t(No symbol) [0x00007FF6B40A1273]\nE       \tGetHandleVerifier [0x00007FF6B45A1AED+3458237]\nE       \tGetHandleVerifier [0x00007FF6B45B829C+3550316]\nE       \tGetHandleVerifier [0x00007FF6B45ADB9D+3507565]\nE       \tGetHandleVerifier [0x00007FF6B4322C6A+841274]\nE       \t(No symbol) [0x00007FF6B41D09EF]\nE       \t(No symbol) [0x00007FF6B41CCB34]\nE       \t(No symbol) [0x00007FF6B41CCCD6]\nE       \t(No symbol) [0x00007FF6B41BC119]\nE       \tBaseThreadInitThunk [0x00007FFCF787E8D7+23]\nE       \tRtlUserThreadStart [0x00007FFCF8D7BF2C+44]\n\nC:\\Users\\tan\\AppData\\Local\\pypoetry\\Cache\\virtualenvs\\test-package-wyls7CHe-py3.12\\Lib\\site-packages\\selenium\\webdriver\\remote\\errorhandler.py:232: NoSuchElementException"}, "steps": [{"name": "Navigate to 'https://indonesiaindicator.com/home'", "status": "passed", "parameters": [{"name": "url", "value": "'https://indonesiaindicator.com/home'"}], "start": 1740813969611, "stop": 1740813970111}, {"name": "Hovering mouse to element ('xpath', '//*[@id=\"root\"]/div[7]/div/section/div/div/div[2]/div[1]/div/a/img')", "status": "broken", "statusDetails": {"message": "selenium.common.exceptions.NoSuchElementException: Message: no such element: Unable to locate element: {\"method\":\"xpath\",\"selector\":\"//*[@id=\"root\"]/div[7]/div/section/div/div/div[2]/div[1]/div/a/img\"}\n  (Session info: chrome=133.0.6943.142); For documentation on this error, please visit: https://www.selenium.dev/documentation/webdriver/troubleshooting/errors#no-such-element-exception\nStacktrace:\n\tGetHandleVerifier [0x00007FF6B425C6A5+28789]\n\t(No symbol) [0x00007FF6B41C5B20]\n\t(No symbol) [0x00007FF6B4058F9A]\n\t(No symbol) [0x00007FF6B40AF346]\n\t(No symbol) [0x00007FF6B40AF57C]\n\t(No symbol) [0x00007FF6B4102B17]\n\t(No symbol) [0x00007FF6B40D736F]\n\t(No symbol) [0x00007FF6B40FF7E3]\n\t(No symbol) [0x00007FF6B40D7103]\n\t(No symbol) [0x00007FF6B409FFC0]\n\t(No symbol) [0x00007FF6B40A1273]\n\tGetHandleVerifier [0x00007FF6B45A1AED+3458237]\n\tGetHandleVerifier [0x00007FF6B45B829C+3550316]\n\tGetHandleVerifier [0x00007FF6B45ADB9D+3507565]\n\tGetHandleVerifier [0x00007FF6B4322C6A+841274]\n\t(No symbol) [0x00007FF6B41D09EF]\n\t(No symbol) [0x00007FF6B41CCB34]\n\t(No symbol) [0x00007FF6B41CCCD6]\n\t(No symbol) [0x00007FF6B41BC119]\n\tBaseThreadInitThunk [0x00007FFCF787E8D7+23]\n\tRtlUserThreadStart [0x00007FFCF8D7BF2C+44]\n\n", "trace": "  File \"C:\\Users\\tan\\AppData\\Local\\pypoetry\\Cache\\virtualenvs\\test-package-wyls7CHe-py3.12\\Lib\\site-packages\\allure_commons\\_allure.py\", line 192, in impl\n    return func(*a, **kw)\n           ^^^^^^^^^^^^^^\n  File \"C:\\QA-practice\\Indonesia_indicator\\Python\\page\\POM.py\", line 44, in hover_mouse\n    raise(e)\n  File \"C:\\QA-practice\\Indonesia_indicator\\Python\\page\\POM.py\", line 42, in hover_mouse\n    self.action.move_to_element(self.get(identifier))\n                                ^^^^^^^^^^^^^^^^^^^^\n  File \"C:\\QA-practice\\Indonesia_indicator\\Python\\page\\POM.py\", line 76, in get\n    return self.driver.find_element(*identfier)\n           ^^^^^^^^^^^^^^^^^^^^^^^^^^^^^^^^^^^^\n  File \"C:\\Users\\tan\\AppData\\Local\\pypoetry\\Cache\\virtualenvs\\test-package-wyls7CHe-py3.12\\Lib\\site-packages\\selenium\\webdriver\\remote\\webdriver.py\", line 770, in find_element\n    return self.execute(Command.FIND_ELEMENT, {\"using\": by, \"value\": value})[\"value\"]\n           ^^^^^^^^^^^^^^^^^^^^^^^^^^^^^^^^^^^^^^^^^^^^^^^^^^^^^^^^^^^^^^^^^\n  File \"C:\\Users\\tan\\AppData\\Local\\pypoetry\\Cache\\virtualenvs\\test-package-wyls7CHe-py3.12\\Lib\\site-packages\\selenium\\webdriver\\remote\\webdriver.py\", line 384, in execute\n    self.error_handler.check_response(response)\n  File \"C:\\Users\\tan\\AppData\\Local\\pypoetry\\Cache\\virtualenvs\\test-package-wyls7CHe-py3.12\\Lib\\site-packages\\selenium\\webdriver\\remote\\errorhandler.py\", line 232, in check_response\n    raise exception_class(message, screen, stacktrace)\n"}, "parameters": [{"name": "identifier", "value": "('xpath', '//*[@id=\"root\"]/div[7]/div/section/div/div/div[2]/div[1]/div/a/img')"}], "start": 1740813970111, "stop": 1740813970123}], "start": 1740813969611, "stop": 1740813970153, "uuid": "8c3c718f-df1a-41af-b5cc-f1d89f207407", "historyId": "1088864ab17b7e93414a97c2a634b16f", "testCaseId": "1088864ab17b7e93414a97c2a634b16f", "fullName": "tests.test_cases.home_page_ui.test_dummy_actionchains#test_rendering_img", "labels": [{"name": "parentSuite", "value": "tests.test_cases.home_page_ui"}, {"name": "suite", "value": "test_dummy_actionchains"}, {"name": "host", "value": "LOQ15"}, {"name": "thread", "value": "21992-MainThread"}, {"name": "framework", "value": "pytest"}, {"name": "language", "value": "cpython3"}, {"name": "package", "value": "tests.test_cases.home_page_ui.test_dummy_actionchains"}]}