{"name": "test_user_can_navigate_to_existing_url", "status": "broken", "statusDetails": {"message": "selenium.common.exceptions.TimeoutException: Message: \nStacktrace:\n\tGetHandleVerifier [0x00007FF7D29B80D5+2992373]\n\t(No symbol) [0x00007FF7D264BFD0]\n\t(No symbol) [0x00007FF7D24E590A]\n\t(No symbol) [0x00007FF7D253926E]\n\t(No symbol) [0x00007FF7D253955C]\n\t(No symbol) [0x00007FF7D25827D7]\n\t(No symbol) [0x00007FF7D255F3AF]\n\t(No symbol) [0x00007FF7D257F584]\n\t(No symbol) [0x00007FF7D255F113]\n\t(No symbol) [0x00007FF7D252A918]\n\t(No symbol) [0x00007FF7D252BA81]\n\tGetHandleVerifier [0x00007FF7D2A16A2D+3379789]\n\tGetHandleVerifier [0x00007FF7D2A2C32D+3468109]\n\tGetHandleVerifier [0x00007FF7D2A20043+3418211]\n\tGetHandleVerifier [0x00007FF7D27AC78B+847787]\n\t(No symbol) [0x00007FF7D265757F]\n\t(No symbol) [0x00007FF7D2652FC4]\n\t(No symbol) [0x00007FF7D265315D]\n\t(No symbol) [0x00007FF7D2642979]\n\tBaseThreadInitThunk [0x00007FFF4276259D+29]\n\tRtlUserThreadStart [0x00007FFF43A4AF38+40]", "trace": "browser_driver = <selenium.webdriver.chrome.webdriver.WebDriver (session=\"950972a847b4bbd7572e6663546b7976\")>\n\n    def test_user_can_navigate_to_existing_url(browser_driver):\n        driver = browser_driver\n        home = Home_page(driver)\n>       navigate_url(home, \"https://indonesiaindicator.com/who-we-are\")\n\ntests\\test_cases\\home_page_ui\\test_url.py:35: \n_ _ _ _ _ _ _ _ _ _ _ _ _ _ _ _ _ _ _ _ _ _ _ _ _ _ _ _ _ _ _ _ _ _ _ _ _ _ _ _ _ _ _ _ _ _ _ _ _ _ _ _ _ \ntests\\test_cases\\home_page_ui\\test_url.py:53: in navigate_url\n    POM_driver.wait_to_render(POM_driver.header)\npage\\POM.py:65: in wait_to_render\n    WebDriverWait(self.driver, time).until(\n_ _ _ _ _ _ _ _ _ _ _ _ _ _ _ _ _ _ _ _ _ _ _ _ _ _ _ _ _ _ _ _ _ _ _ _ _ _ _ _ _ _ _ _ _ _ _ _ _ _ _ _ _ \n\nself = <selenium.webdriver.support.wait.WebDriverWait (session=\"950972a847b4bbd7572e6663546b7976\")>\nmethod = <function presence_of_element_located.<locals>._predicate at 0x0000021BF6B18860>, message = ''\n\n    def until(self, method: Callable[[D], Union[Literal[False], T]], message: str = \"\") -> T:\n        \"\"\"Calls the method provided with the driver as an argument until the \\\n        return value does not evaluate to ``False``.\n    \n        :param method: callable(WebDriver)\n        :param message: optional message for :exc:`TimeoutException`\n        :returns: the result of the last call to `method`\n        :raises: :exc:`selenium.common.exceptions.TimeoutException` if timeout occurs\n        \"\"\"\n        screen = None\n        stacktrace = None\n    \n        end_time = time.monotonic() + self._timeout\n        while True:\n            try:\n                value = method(self._driver)\n                if value:\n                    return value\n            except self._ignored_exceptions as exc:\n                screen = getattr(exc, \"screen\", None)\n                stacktrace = getattr(exc, \"stacktrace\", None)\n            if time.monotonic() > end_time:\n                break\n            time.sleep(self._poll)\n>       raise TimeoutException(message, screen, stacktrace)\nE       selenium.common.exceptions.TimeoutException: Message: \nE       Stacktrace:\nE       \tGetHandleVerifier [0x00007FF7D29B80D5+2992373]\nE       \t(No symbol) [0x00007FF7D264BFD0]\nE       \t(No symbol) [0x00007FF7D24E590A]\nE       \t(No symbol) [0x00007FF7D253926E]\nE       \t(No symbol) [0x00007FF7D253955C]\nE       \t(No symbol) [0x00007FF7D25827D7]\nE       \t(No symbol) [0x00007FF7D255F3AF]\nE       \t(No symbol) [0x00007FF7D257F584]\nE       \t(No symbol) [0x00007FF7D255F113]\nE       \t(No symbol) [0x00007FF7D252A918]\nE       \t(No symbol) [0x00007FF7D252BA81]\nE       \tGetHandleVerifier [0x00007FF7D2A16A2D+3379789]\nE       \tGetHandleVerifier [0x00007FF7D2A2C32D+3468109]\nE       \tGetHandleVerifier [0x00007FF7D2A20043+3418211]\nE       \tGetHandleVerifier [0x00007FF7D27AC78B+847787]\nE       \t(No symbol) [0x00007FF7D265757F]\nE       \t(No symbol) [0x00007FF7D2652FC4]\nE       \t(No symbol) [0x00007FF7D265315D]\nE       \t(No symbol) [0x00007FF7D2642979]\nE       \tBaseThreadInitThunk [0x00007FFF4276259D+29]\nE       \tRtlUserThreadStart [0x00007FFF43A4AF38+40]\n\nC:\\Users\\tan\\AppData\\Local\\pypoetry\\Cache\\virtualenvs\\test-package-wyls7CHe-py3.12\\Lib\\site-packages\\selenium\\webdriver\\support\\wait.py:105: TimeoutException"}, "steps": [{"name": "Navigate to 'https://indonesiaindicator.com/who-we-are'", "status": "broken", "statusDetails": {"message": "selenium.common.exceptions.TimeoutException: Message: \nStacktrace:\n\tGetHandleVerifier [0x00007FF7D29B80D5+2992373]\n\t(No symbol) [0x00007FF7D264BFD0]\n\t(No symbol) [0x00007FF7D24E590A]\n\t(No symbol) [0x00007FF7D253926E]\n\t(No symbol) [0x00007FF7D253955C]\n\t(No symbol) [0x00007FF7D25827D7]\n\t(No symbol) [0x00007FF7D255F3AF]\n\t(No symbol) [0x00007FF7D257F584]\n\t(No symbol) [0x00007FF7D255F113]\n\t(No symbol) [0x00007FF7D252A918]\n\t(No symbol) [0x00007FF7D252BA81]\n\tGetHandleVerifier [0x00007FF7D2A16A2D+3379789]\n\tGetHandleVerifier [0x00007FF7D2A2C32D+3468109]\n\tGetHandleVerifier [0x00007FF7D2A20043+3418211]\n\tGetHandleVerifier [0x00007FF7D27AC78B+847787]\n\t(No symbol) [0x00007FF7D265757F]\n\t(No symbol) [0x00007FF7D2652FC4]\n\t(No symbol) [0x00007FF7D265315D]\n\t(No symbol) [0x00007FF7D2642979]\n\tBaseThreadInitThunk [0x00007FFF4276259D+29]\n\tRtlUserThreadStart [0x00007FFF43A4AF38+40]\n\n", "trace": "  File \"C:\\Users\\tan\\AppData\\Local\\pypoetry\\Cache\\virtualenvs\\test-package-wyls7CHe-py3.12\\Lib\\site-packages\\allure_commons\\_allure.py\", line 192, in impl\n    return func(*a, **kw)\n           ^^^^^^^^^^^^^^\n  File \"C:\\QA-practice\\Indonesia_indicator\\Python\\tests\\test_cases\\home_page_ui\\test_url.py\", line 53, in navigate_url\n    POM_driver.wait_to_render(POM_driver.header)\n  File \"C:\\QA-practice\\Indonesia_indicator\\Python\\page\\POM.py\", line 65, in wait_to_render\n    WebDriverWait(self.driver, time).until(\n  File \"C:\\Users\\tan\\AppData\\Local\\pypoetry\\Cache\\virtualenvs\\test-package-wyls7CHe-py3.12\\Lib\\site-packages\\selenium\\webdriver\\support\\wait.py\", line 105, in until\n    raise TimeoutException(message, screen, stacktrace)\n"}, "parameters": [{"name": "POM_driver", "value": "<page.home_page.Home_page object at 0x0000021BF6993320>"}, {"name": "url", "value": "'https://indonesiaindicator.com/who-we-are'"}], "start": 1736538496454, "stop": 1736538557191}], "start": 1736538496454, "stop": 1736538557198, "uuid": "8c532505-83de-4d25-9029-91f8b2181741", "historyId": "8c366627a5f3a8b6e9ae84a56cc2a156", "testCaseId": "8c366627a5f3a8b6e9ae84a56cc2a156", "fullName": "tests.test_cases.home_page_ui.test_url#test_user_can_navigate_to_existing_url", "labels": [{"name": "parentSuite", "value": "tests.test_cases.home_page_ui"}, {"name": "suite", "value": "test_url"}, {"name": "host", "value": "LOQ15"}, {"name": "thread", "value": "26068-MainThread"}, {"name": "framework", "value": "pytest"}, {"name": "language", "value": "cpython3"}, {"name": "package", "value": "tests.test_cases.home_page_ui.test_url"}]}