{"name": "test_suite_login", "status": "failed", "statusDetails": {"message": "AssertionError: assert None\n +  where None = incorrect_password_login(<selenium.webdriver.chrome.webdriver.WebDriver (session=\"e84c4ec543762d8958bcf13efa77007b\")>)", "trace": "headless_driver = <selenium.webdriver.chrome.webdriver.WebDriver (session=\"e84c4ec543762d8958bcf13efa77007b\")>\n\n    def test_suite_login(headless_driver):\n        #browser driver\n        driver = headless_driver\n    \n        #test case 1\n        # assert incorrect_password_login(driver), \"Test case 1 failed\"\n>       assert incorrect_password_login(driver)\nE       assert None\nE        +  where None = incorrect_password_login(<selenium.webdriver.chrome.webdriver.WebDriver (session=\"e84c4ec543762d8958bcf13efa77007b\")>)\n\ntests\\test_suites\\test_suite_login.py:28: AssertionError"}, "start": 1735204519422, "stop": 1735204520020, "uuid": "514bd8db-51ec-4a9a-9b51-3b06ad99dd5b", "historyId": "1bed669dc312d0c46ce9f96d3ecfbe0c", "testCaseId": "1bed669dc312d0c46ce9f96d3ecfbe0c", "fullName": "tests.test_suites.test_suite_login#test_suite_login", "labels": [{"name": "parentSuite", "value": "tests.test_suites"}, {"name": "suite", "value": "test_suite_login"}, {"name": "host", "value": "LOQ15"}, {"name": "thread", "value": "13904-MainThread"}, {"name": "framework", "value": "pytest"}, {"name": "language", "value": "cpython3"}, {"name": "package", "value": "tests.test_suites.test_suite_login"}]}